<?xml version="1.0" encoding="UTF-8"?>
<testng-results ignored="0" total="1" passed="1" failed="0" skipped="0">
  <reporter-output>
  </reporter-output>
  <suite started-at="2023-01-30T17:46:32 IST" name="Default suite" finished-at="2023-01-30T17:46:45 IST" duration-ms="13296">
    <groups>
    </groups>
    <test started-at="2023-01-30T17:46:32 IST" name="Default test" finished-at="2023-01-30T17:46:45 IST" duration-ms="13296">
      <class name="practice.Swipe_ScreenTest">
        <test-method signature="swipegesture()[pri:0, instance:practice.Swipe_ScreenTest@7526515b]" started-at="2023-01-30T17:46:32 IST" name="swipegesture" finished-at="2023-01-30T17:46:45 IST" duration-ms="13248" status="PASS">
          <reporter-output>
          </reporter-output>
        </test-method> <!-- swipegesture -->
      </class> <!-- practice.Swipe_ScreenTest -->
    </test> <!-- Default test -->
  </suite> <!-- Default suite -->
</testng-results>
