<?xml version="1.0" encoding="UTF-8"?>
<testng-results ignored="0" total="1" passed="1" failed="0" skipped="0">
  <reporter-output>
  </reporter-output>
  <suite started-at="2023-01-31T16:15:42 IST" name="Default suite" finished-at="2023-01-31T16:16:06 IST" duration-ms="23795">
    <groups>
    </groups>
    <test started-at="2023-01-31T16:15:42 IST" name="Default test" finished-at="2023-01-31T16:16:06 IST" duration-ms="23795">
      <class name="driverAction.DriverActions">
        <test-method is-config="true" signature="launchApp()[pri:0, instance:driverAction.DriverActions@48bb62]" started-at="2023-01-31T16:15:24 IST" name="launchApp" finished-at="2023-01-31T16:15:42 IST" duration-ms="17918" status="PASS">
          <reporter-output>
          </reporter-output>
        </test-method> <!-- launchApp -->
        <test-method signature="actions()[pri:0, instance:driverAction.DriverActions@48bb62]" started-at="2023-01-31T16:15:42 IST" name="actions" finished-at="2023-01-31T16:16:06 IST" duration-ms="23600" status="PASS">
          <reporter-output>
          </reporter-output>
        </test-method> <!-- actions -->
      </class> <!-- driverAction.DriverActions -->
    </test> <!-- Default test -->
  </suite> <!-- Default suite -->
</testng-results>
